<?xml version="1.0" encoding="UTF-8"?>
<!-- Generated by org.testng.reporters.JUnitReportReporter -->
<testsuite hostname="DESKTOP-J2R2MEM" failures="0" tests="7" name="lab5.ClassTest" time="0.020" errors="0" timestamp="2020-06-01T22:14:12 GMT+04:00" skipped="0">
  <testcase classname="lab5.ClassTest" name="TaskAbs1" time="0.008"/>
  <system-out/>
  <testcase classname="lab5.ClassTest" name="TaskAddExact1" time="0.004"/>
  <system-out/>
  <testcase classname="lab5.ClassTest" name="TaskAddExact2" time="0.000"/>
  <system-out/>
  <testcase classname="lab5.ClassTest" name="TaskAbs3" time="0.000"/>
  <system-out/>
  <testcase classname="lab5.ClassTest" name="TaskAbs2" time="0.004"/>
  <system-out/>
  <testcase classname="lab5.ClassTest" name="TaskFloorDiv1" time="0.004"/>
  <system-out/>
  <testcase classname="lab5.ClassTest" name="TaskFloorDiv2" time="0.000"/>
  <system-out/>
</testsuite> <!-- lab5.ClassTest -->
